<html>
<body>
<pre>
<h1>Vision Build Log</h1>
<h2>Project:</h2>
C:\Users\admin\Desktop\kell\myled\MDK-ARM\Project.uvproj
Project File Date:  09/17/2022

<h2>Output:</h2>
Build target 'LED'
compiling main.c...
main.c: ARM C/C++ Compiler, 4.1 [Build 481] 
main.c: Error: C9932E: MISSING DEVICE (R003: SECURITY KEY NOT FOUND)
Target not created
Build target 'LED'
compiling main.c...
main.c: ARM C/C++ Compiler, 4.1 [Build 481] 
main.c: Error: C9932E: MISSING DEVICE (R003: SECURITY KEY NOT FOUND)
Target not created
Build target 'LED'
compiling main.c...
main.c: ARM C/C++ Compiler, 4.1 [Build 481] 
main.c: Error: C9932E: MISSING DEVICE (R003: SECURITY KEY NOT FOUND)
Target not created
Build target 'LED'
compiling main.c...
compiling stm32f10x_it.c...
compiling misc.c...
compiling stm32f10x_flash.c...
compiling stm32f10x_gpio.c...
compiling stm32f10x_rcc.c...
compiling stm32f10x_adc.c...
compiling stm32f10x_bkp.c...
compiling stm32f10x_can.c...
compiling stm32f10x_cec.c...
compiling stm32f10x_crc.c...
compiling stm32f10x_dac.c...
compiling stm32f10x_dbgmcu.c...
compiling stm32f10x_dma.c...
compiling stm32f10x_exti.c...
compiling stm32f10x_fsmc.c...
compiling stm32f10x_i2c.c...
compiling stm32f10x_iwdg.c...
compiling stm32f10x_pwr.c...
compiling stm32f10x_rtc.c...
compiling stm32f10x_sdio.c...
compiling stm32f10x_spi.c...
compiling stm32f10x_tim.c...
compiling stm32f10x_usart.c...
compiling stm32f10x_wwdg.c...
compiling core_cm3.c...
compiling system_stm32f10x.c...
assembling startup_stm32f10x_hd.s...
linking...
Program Size: Code=880 RO-data=320 RW-data=0 ZI-data=1024  
FromELF: creating hex file...
".\Obj\Project.axf" - 0 Error(s), 0 Warning(s).
Build target 'LED'
compiling main.c...
..\USER\usart.h(11): error:  #20: identifier "USART_InitTypeDef" is undefined
..\USER\usart.h:         USART_InitTypeDef USART_InitStructure;
..\USER\usart.h:         ^
..\USER\usart.h(36): error:  #20: identifier "USART_WordLength_8b" is undefined
..\USER\usart.h:        USART_InitStructure.USART_WordLength = USART_WordLength_8b;//字长为8位数据格式
..\USER\usart.h:                                               ^
..\USER\usart.h(37): error:  #20: identifier "USART_StopBits_1" is undefined
..\USER\usart.h:        USART_InitStructure.USART_StopBits = USART_StopBits_1;//一个停止位
..\USER\usart.h:                                             ^
..\USER\usart.h(38): error:  #20: identifier "USART_Parity_No" is undefined
..\USER\usart.h:        USART_InitStructure.USART_Parity = USART_Parity_No;//无奇偶校验位
..\USER\usart.h:                                           ^
..\USER\usart.h(39): error:  #20: identifier "USART_HardwareFlowControl_None" is undefined
..\USER\usart.h:        USART_InitStructure.USART_HardwareFlowControl = USART_HardwareFlowControl_None;//无硬件数据流控制
..\USER\usart.h:                                                        ^
..\USER\usart.h(40): error:  #20: identifier "USART_Mode_Rx" is undefined
..\USER\usart.h:        USART_InitStructure.USART_Mode = USART_Mode_Rx | USART_Mode_Tx; //收发模式
..\USER\usart.h:                                         ^
..\USER\usart.h(40): error:  #20: identifier "USART_Mode_Tx" is undefined
..\USER\usart.h:        USART_InitStructure.USART_Mode = USART_Mode_Rx | USART_Mode_Tx; //收发模式
..\USER\usart.h:                                                         ^
..\USER\usart.h(41): warning:  #223-D: function "USART_Init" declared implicitly
..\USER\usart.h:        USART_Init(USART1, &USART_InitStructure); //初始化串口1
..\USER\usart.h:        ^
..\USER\usart.h(43): warning:  #223-D: function "USART_ITConfig" declared implicitly
..\USER\usart.h:        USART_ITConfig(USART1, USART_IT_RXNE, ENABLE);
..\USER\usart.h:        ^
..\USER\usart.h(43): error:  #20: identifier "USART_IT_RXNE" is undefined
..\USER\usart.h:        USART_ITConfig(USART1, USART_IT_RXNE, ENABLE);
..\USER\usart.h:                               ^
..\USER\usart.h(49): error:  #268: declaration may not appear after executable statement in block
..\USER\usart.h:        NVIC_InitTypeDef NVIC_InitStructure;
..\USER\usart.h:        ^
..\USER\usart.h(58): warning:  #223-D: function "USART_Cmd" declared implicitly
..\USER\usart.h:         USART_Cmd(USART1, ENABLE);
..\USER\usart.h:         ^
..\USER\usart.h(65): warning:  #223-D: function "USART_SendData" declared implicitly
..\USER\usart.h:                USART_SendData(USARTx, str);//发送单个字符
..\USER\usart.h:                ^
..\USER\usart.h(67): warning:  #223-D: function "USART_GetFlagStatus" declared implicitly
..\USER\usart.h:                while(USART_GetFlagStatus(USART1, USART_FLAG_TXE) == RESET);//判断是否发送完成
..\USER\usart.h:                      ^
..\USER\usart.h(67): error:  #20: identifier "USART_FLAG_TXE" is undefined
..\USER\usart.h:                while(USART_GetFlagStatus(USART1, USART_FLAG_TXE) == RESET);//判断是否发送完成
..\USER\usart.h:                                                  ^
..\USER\usart.h(80): warning:  #223-D: function "USART_SendData" declared implicitly
..\USER\usart.h:                USART_SendData(USARTx, *str);//发送单个字符
..\USER\usart.h:                ^
..\USER\usart.h(82): warning:  #223-D: function "USART_GetFlagStatus" declared implicitly
..\USER\usart.h:                while(USART_GetFlagStatus(USART1, USART_FLAG_TXE) == RESET);//判断是否发送完成
..\USER\usart.h:                      ^
..\USER\usart.h(82): error:  #20: identifier "USART_FLAG_TXE" is undefined
..\USER\usart.h:                while(USART_GetFlagStatus(USART1, USART_FLAG_TXE) == RESET);//判断是否发送完成
..\USER\usart.h:                                                  ^
..\USER\usart.h(109): warning:  #223-D: function "USART_GetITStatus" declared implicitly
..\USER\usart.h:        if(USART_GetITStatus(USART1, USART_IT_RXNE) == SET)//检测串口状态是否处于接收状态
..\USER\usart.h:           ^
..\USER\usart.h(109): error:  #20: identifier "USART_IT_RXNE" is undefined
..\USER\usart.h:        if(USART_GetITStatus(USART1, USART_IT_RXNE) == SET)//检测串口状态是否处于接收状态
..\USER\usart.h:                                     ^
..\USER\usart.h(111): warning:  #223-D: function "USART_ReceiveData" declared implicitly
..\USER\usart.h:                rxdata = USART_ReceiveData(USART1);//将接收到的数据暂存到rxdata
..\USER\usart.h:                         ^
..\USER\usart.h(144): warning:  #223-D: function "USART_ClearITPendingBit" declared implicitly
..\USER\usart.h:                USART_ClearITPendingBit(USART1, USART_IT_RXNE);//清空中断标志，每接收到一次数据进入一次中断
..\USER\usart.h:                ^
..\USER\usart.h(151): warning:  #1-D: last line of file ends without a newline
..\USER\usart.h:    
..\USER\usart.h:    ^
..\USER\usart.h: ..\USER\main.c: 11 warnings, 12 errors
compiling stm32f10x_it.c...
compiling misc.c...
compiling stm32f10x_flash.c...
compiling stm32f10x_gpio.c...
compiling stm32f10x_rcc.c...
compiling stm32f10x_adc.c...
compiling stm32f10x_bkp.c...
compiling stm32f10x_can.c...
compiling stm32f10x_cec.c...
compiling stm32f10x_crc.c...
compiling stm32f10x_dac.c...
compiling stm32f10x_dbgmcu.c...
compiling stm32f10x_dma.c...
compiling stm32f10x_exti.c...
compiling stm32f10x_fsmc.c...
compiling stm32f10x_i2c.c...
compiling stm32f10x_iwdg.c...
compiling stm32f10x_pwr.c...
compiling stm32f10x_rtc.c...
compiling stm32f10x_sdio.c...
compiling stm32f10x_spi.c...
compiling stm32f10x_tim.c...
compiling stm32f10x_usart.c...
compiling stm32f10x_wwdg.c...
compiling core_cm3.c...
compiling system_stm32f10x.c...
assembling startup_stm32f10x_hd.s...
Target not created
Build target 'LED'
compiling main.c...
compiling stm32f10x_it.c...
compiling misc.c...
compiling stm32f10x_flash.c...
compiling stm32f10x_gpio.c...
compiling stm32f10x_rcc.c...
compiling stm32f10x_adc.c...
compiling stm32f10x_bkp.c...
compiling stm32f10x_can.c...
compiling stm32f10x_cec.c...
compiling stm32f10x_crc.c...
compiling stm32f10x_dac.c...
compiling stm32f10x_dbgmcu.c...
compiling stm32f10x_dma.c...
compiling stm32f10x_exti.c...
compiling stm32f10x_fsmc.c...
compiling stm32f10x_i2c.c...
compiling stm32f10x_iwdg.c...
compiling stm32f10x_pwr.c...
compiling stm32f10x_rtc.c...
compiling stm32f10x_sdio.c...
compiling stm32f10x_spi.c...
compiling stm32f10x_tim.c...
compiling stm32f10x_usart.c...
compiling stm32f10x_wwdg.c...
compiling core_cm3.c...
compiling system_stm32f10x.c...
assembling startup_stm32f10x_hd.s...
linking...
Program Size: Code=880 RO-data=320 RW-data=0 ZI-data=1024  
FromELF: creating hex file...
".\Obj\Project.axf" - 0 Error(s), 0 Warning(s).
Build target 'LED'
compiling main.c...
..\USER\usart.c(11): error:  #20: identifier "USART_InitTypeDef" is undefined
..\USER\usart.c:         USART_InitTypeDef USART_InitStructure;
..\USER\usart.c:         ^
..\USER\usart.c(36): error:  #20: identifier "USART_WordLength_8b" is undefined
..\USER\usart.c:        USART_InitStructure.USART_WordLength = USART_WordLength_8b;//字长为8位数据格式
..\USER\usart.c:                                               ^
..\USER\usart.c(37): error:  #20: identifier "USART_StopBits_1" is undefined
..\USER\usart.c:        USART_InitStructure.USART_StopBits = USART_StopBits_1;//一个停止位
..\USER\usart.c:                                             ^
..\USER\usart.c(38): error:  #20: identifier "USART_Parity_No" is undefined
..\USER\usart.c:        USART_InitStructure.USART_Parity = USART_Parity_No;//无奇偶校验位
..\USER\usart.c:                                           ^
..\USER\usart.c(39): error:  #20: identifier "USART_HardwareFlowControl_None" is undefined
..\USER\usart.c:        USART_InitStructure.USART_HardwareFlowControl = USART_HardwareFlowControl_None;//无硬件数据流控制
..\USER\usart.c:                                                        ^
..\USER\usart.c(40): error:  #20: identifier "USART_Mode_Rx" is undefined
..\USER\usart.c:        USART_InitStructure.USART_Mode = USART_Mode_Rx | USART_Mode_Tx; //收发模式
..\USER\usart.c:                                         ^
..\USER\usart.c(40): error:  #20: identifier "USART_Mode_Tx" is undefined
..\USER\usart.c:        USART_InitStructure.USART_Mode = USART_Mode_Rx | USART_Mode_Tx; //收发模式
..\USER\usart.c:                                                         ^
..\USER\usart.c(41): warning:  #223-D: function "USART_Init" declared implicitly
..\USER\usart.c:        USART_Init(USART1, &USART_InitStructure); //初始化串口1
..\USER\usart.c:        ^
..\USER\usart.c(43): warning:  #223-D: function "USART_ITConfig" declared implicitly
..\USER\usart.c:        USART_ITConfig(USART1, USART_IT_RXNE, ENABLE);
..\USER\usart.c:        ^
..\USER\usart.c(43): error:  #20: identifier "USART_IT_RXNE" is undefined
..\USER\usart.c:        USART_ITConfig(USART1, USART_IT_RXNE, ENABLE);
..\USER\usart.c:                               ^
..\USER\usart.c(49): error:  #268: declaration may not appear after executable statement in block
..\USER\usart.c:        NVIC_InitTypeDef NVIC_InitStructure;
..\USER\usart.c:        ^
..\USER\usart.c(58): warning:  #223-D: function "USART_Cmd" declared implicitly
..\USER\usart.c:         USART_Cmd(USART1, ENABLE);
..\USER\usart.c:         ^
..\USER\usart.c(65): warning:  #223-D: function "USART_SendData" declared implicitly
..\USER\usart.c:                USART_SendData(USARTx, str);//发送单个字符
..\USER\usart.c:                ^
..\USER\usart.c(67): warning:  #223-D: function "USART_GetFlagStatus" declared implicitly
..\USER\usart.c:                while(USART_GetFlagStatus(USART1, USART_FLAG_TXE) == RESET);//判断是否发送完成
..\USER\usart.c:                      ^
..\USER\usart.c(67): error:  #20: identifier "USART_FLAG_TXE" is undefined
..\USER\usart.c:                while(USART_GetFlagStatus(USART1, USART_FLAG_TXE) == RESET);//判断是否发送完成
..\USER\usart.c:                                                  ^
..\USER\usart.c(80): warning:  #223-D: function "USART_SendData" declared implicitly
..\USER\usart.c:                USART_SendData(USARTx, *str);//发送单个字符
..\USER\usart.c:                ^
..\USER\usart.c(82): warning:  #223-D: function "USART_GetFlagStatus" declared implicitly
..\USER\usart.c:                while(USART_GetFlagStatus(USART1, USART_FLAG_TXE) == RESET);//判断是否发送完成
..\USER\usart.c:                      ^
..\USER\usart.c(82): error:  #20: identifier "USART_FLAG_TXE" is undefined
..\USER\usart.c:                while(USART_GetFlagStatus(USART1, USART_FLAG_TXE) == RESET);//判断是否发送完成
..\USER\usart.c:                                                  ^
..\USER\usart.c(109): warning:  #223-D: function "USART_GetITStatus" declared implicitly
..\USER\usart.c:        if(USART_GetITStatus(USART1, USART_IT_RXNE) == SET)//检测串口状态是否处于接收状态
..\USER\usart.c:           ^
..\USER\usart.c(109): error:  #20: identifier "USART_IT_RXNE" is undefined
..\USER\usart.c:        if(USART_GetITStatus(USART1, USART_IT_RXNE) == SET)//检测串口状态是否处于接收状态
..\USER\usart.c:                                     ^
..\USER\usart.c(111): warning:  #223-D: function "USART_ReceiveData" declared implicitly
..\USER\usart.c:                rxdata = USART_ReceiveData(USART1);//将接收到的数据暂存到rxdata
..\USER\usart.c:                         ^
..\USER\usart.c(144): warning:  #223-D: function "USART_ClearITPendingBit" declared implicitly
..\USER\usart.c:                USART_ClearITPendingBit(USART1, USART_IT_RXNE);//清空中断标志，每接收到一次数据进入一次中断
..\USER\usart.c:                ^
..\USER\usart.c(151): warning:  #1-D: last line of file ends without a newline
..\USER\usart.c:    
..\USER\usart.c:    ^
..\USER\usart.c: ..\USER\main.c: 11 warnings, 12 errors
compiling stm32f10x_it.c...
compiling usart.c...
..\USER\usart.c(11): error:  #20: identifier "USART_InitTypeDef" is undefined
..\USER\usart.c:         USART_InitTypeDef USART_InitStructure;
..\USER\usart.c:         ^
..\USER\usart.c(36): error:  #20: identifier "USART_WordLength_8b" is undefined
..\USER\usart.c:        USART_InitStructure.USART_WordLength = USART_WordLength_8b;//字长为8位数据格式
..\USER\usart.c:                                               ^
..\USER\usart.c(37): error:  #20: identifier "USART_StopBits_1" is undefined
..\USER\usart.c:        USART_InitStructure.USART_StopBits = USART_StopBits_1;//一个停止位
..\USER\usart.c:                                             ^
..\USER\usart.c(38): error:  #20: identifier "USART_Parity_No" is undefined
..\USER\usart.c:        USART_InitStructure.USART_Parity = USART_Parity_No;//无奇偶校验位
..\USER\usart.c:                                           ^
..\USER\usart.c(39): error:  #20: identifier "USART_HardwareFlowControl_None" is undefined
..\USER\usart.c:        USART_InitStructure.USART_HardwareFlowControl = USART_HardwareFlowControl_None;//无硬件数据流控制
..\USER\usart.c:                                                        ^
..\USER\usart.c(40): error:  #20: identifier "USART_Mode_Rx" is undefined
..\USER\usart.c:        USART_InitStructure.USART_Mode = USART_Mode_Rx | USART_Mode_Tx; //收发模式
..\USER\usart.c:                                         ^
..\USER\usart.c(40): error:  #20: identifier "USART_Mode_Tx" is undefined
..\USER\usart.c:        USART_InitStructure.USART_Mode = USART_Mode_Rx | USART_Mode_Tx; //收发模式
..\USER\usart.c:                                                         ^
..\USER\usart.c(41): warning:  #223-D: function "USART_Init" declared implicitly
..\USER\usart.c:        USART_Init(USART1, &USART_InitStructure); //初始化串口1
..\USER\usart.c:        ^
..\USER\usart.c(43): warning:  #223-D: function "USART_ITConfig" declared implicitly
..\USER\usart.c:        USART_ITConfig(USART1, USART_IT_RXNE, ENABLE);
..\USER\usart.c:        ^
..\USER\usart.c(43): error:  #20: identifier "USART_IT_RXNE" is undefined
..\USER\usart.c:        USART_ITConfig(USART1, USART_IT_RXNE, ENABLE);
..\USER\usart.c:                               ^
..\USER\usart.c(49): error:  #268: declaration may not appear after executable statement in block
..\USER\usart.c:        NVIC_InitTypeDef NVIC_InitStructure;
..\USER\usart.c:        ^
..\USER\usart.c(58): warning:  #223-D: function "USART_Cmd" declared implicitly
..\USER\usart.c:         USART_Cmd(USART1, ENABLE);
..\USER\usart.c:         ^
..\USER\usart.c(65): warning:  #223-D: function "USART_SendData" declared implicitly
..\USER\usart.c:                USART_SendData(USARTx, str);//发送单个字符
..\USER\usart.c:                ^
..\USER\usart.c(67): warning:  #223-D: function "USART_GetFlagStatus" declared implicitly
..\USER\usart.c:                while(USART_GetFlagStatus(USART1, USART_FLAG_TXE) == RESET);//判断是否发送完成
..\USER\usart.c:                      ^
..\USER\usart.c(67): error:  #20: identifier "USART_FLAG_TXE" is undefined
..\USER\usart.c:                while(USART_GetFlagStatus(USART1, USART_FLAG_TXE) == RESET);//判断是否发送完成
..\USER\usart.c:                                                  ^
..\USER\usart.c(80): warning:  #223-D: function "USART_SendData" declared implicitly
..\USER\usart.c:                USART_SendData(USARTx, *str);//发送单个字符
..\USER\usart.c:                ^
..\USER\usart.c(82): warning:  #223-D: function "USART_GetFlagStatus" declared implicitly
..\USER\usart.c:                while(USART_GetFlagStatus(USART1, USART_FLAG_TXE) == RESET);//判断是否发送完成
..\USER\usart.c:                      ^
..\USER\usart.c(82): error:  #20: identifier "USART_FLAG_TXE" is undefined
..\USER\usart.c:                while(USART_GetFlagStatus(USART1, USART_FLAG_TXE) == RESET);//判断是否发送完成
..\USER\usart.c:                                                  ^
..\USER\usart.c(109): warning:  #223-D: function "USART_GetITStatus" declared implicitly
..\USER\usart.c:        if(USART_GetITStatus(USART1, USART_IT_RXNE) == SET)//检测串口状态是否处于接收状态
..\USER\usart.c:           ^
..\USER\usart.c(109): error:  #20: identifier "USART_IT_RXNE" is undefined
..\USER\usart.c:        if(USART_GetITStatus(USART1, USART_IT_RXNE) == SET)//检测串口状态是否处于接收状态
..\USER\usart.c:                                     ^
..\USER\usart.c(111): warning:  #223-D: function "USART_ReceiveData" declared implicitly
..\USER\usart.c:                rxdata = USART_ReceiveData(USART1);//将接收到的数据暂存到rxdata
..\USER\usart.c:                         ^
..\USER\usart.c(144): warning:  #223-D: function "USART_ClearITPendingBit" declared implicitly
..\USER\usart.c:                USART_ClearITPendingBit(USART1, USART_IT_RXNE);//清空中断标志，每接收到一次数据进入一次中断
..\USER\usart.c:                ^
..\USER\usart.c(151): warning:  #1-D: last line of file ends without a newline
..\USER\usart.c:    
..\USER\usart.c:    ^
..\USER\usart.c: ..\USER\usart.c: 11 warnings, 12 errors
compiling misc.c...
compiling stm32f10x_flash.c...
compiling stm32f10x_gpio.c...
compiling stm32f10x_rcc.c...
compiling stm32f10x_adc.c...
compiling stm32f10x_bkp.c...
compiling stm32f10x_can.c...
compiling stm32f10x_cec.c...
compiling stm32f10x_crc.c...
compiling stm32f10x_dac.c...
compiling stm32f10x_dbgmcu.c...
compiling stm32f10x_dma.c...
compiling stm32f10x_exti.c...
compiling stm32f10x_fsmc.c...
compiling stm32f10x_i2c.c...
compiling stm32f10x_iwdg.c...
compiling stm32f10x_pwr.c...
compiling stm32f10x_rtc.c...
compiling stm32f10x_sdio.c...
compiling stm32f10x_spi.c...
compiling stm32f10x_tim.c...
compiling stm32f10x_usart.c...
compiling stm32f10x_wwdg.c...
compiling core_cm3.c...
compiling system_stm32f10x.c...
assembling startup_stm32f10x_hd.s...
Target not created
Build target 'LED'
compiling main.c...
..\USER\usart.c(49): error:  #268: declaration may not appear after executable statement in block
..\USER\usart.c:        NVIC_InitTypeDef NVIC_InitStructure;
..\USER\usart.c:        ^
..\USER\usart.c(151): warning:  #1-D: last line of file ends without a newline
..\USER\usart.c:    
..\USER\usart.c:    ^
..\USER\usart.c: ..\USER\main.c: 1 warning, 1 error
compiling stm32f10x_it.c...
compiling usart.c...
..\USER\usart.c(11): error:  #20: identifier "USART_InitTypeDef" is undefined
..\USER\usart.c:         USART_InitTypeDef USART_InitStructure;
..\USER\usart.c:         ^
..\USER\usart.c(36): error:  #20: identifier "USART_WordLength_8b" is undefined
..\USER\usart.c:        USART_InitStructure.USART_WordLength = USART_WordLength_8b;//字长为8位数据格式
..\USER\usart.c:                                               ^
..\USER\usart.c(37): error:  #20: identifier "USART_StopBits_1" is undefined
..\USER\usart.c:        USART_InitStructure.USART_StopBits = USART_StopBits_1;//一个停止位
..\USER\usart.c:                                             ^
..\USER\usart.c(38): error:  #20: identifier "USART_Parity_No" is undefined
..\USER\usart.c:        USART_InitStructure.USART_Parity = USART_Parity_No;//无奇偶校验位
..\USER\usart.c:                                           ^
..\USER\usart.c(39): error:  #20: identifier "USART_HardwareFlowControl_None" is undefined
..\USER\usart.c:        USART_InitStructure.USART_HardwareFlowControl = USART_HardwareFlowControl_None;//无硬件数据流控制
..\USER\usart.c:                                                        ^
..\USER\usart.c(40): error:  #20: identifier "USART_Mode_Rx" is undefined
..\USER\usart.c:        USART_InitStructure.USART_Mode = USART_Mode_Rx | USART_Mode_Tx; //收发模式
..\USER\usart.c:                                         ^
..\USER\usart.c(40): error:  #20: identifier "USART_Mode_Tx" is undefined
..\USER\usart.c:        USART_InitStructure.USART_Mode = USART_Mode_Rx | USART_Mode_Tx; //收发模式
..\USER\usart.c:                                                         ^
..\USER\usart.c(41): warning:  #223-D: function "USART_Init" declared implicitly
..\USER\usart.c:        USART_Init(USART1, &USART_InitStructure); //初始化串口1
..\USER\usart.c:        ^
..\USER\usart.c(43): warning:  #223-D: function "USART_ITConfig" declared implicitly
..\USER\usart.c:        USART_ITConfig(USART1, USART_IT_RXNE, ENABLE);
..\USER\usart.c:        ^
..\USER\usart.c(43): error:  #20: identifier "USART_IT_RXNE" is undefined
..\USER\usart.c:        USART_ITConfig(USART1, USART_IT_RXNE, ENABLE);
..\USER\usart.c:                               ^
..\USER\usart.c(49): error:  #268: declaration may not appear after executable statement in block
..\USER\usart.c:        NVIC_InitTypeDef NVIC_InitStructure;
..\USER\usart.c:        ^
..\USER\usart.c(58): warning:  #223-D: function "USART_Cmd" declared implicitly
..\USER\usart.c:         USART_Cmd(USART1, ENABLE);
..\USER\usart.c:         ^
..\USER\usart.c(65): warning:  #223-D: function "USART_SendData" declared implicitly
..\USER\usart.c:                USART_SendData(USARTx, str);//发送单个字符
..\USER\usart.c:                ^
..\USER\usart.c(67): warning:  #223-D: function "USART_GetFlagStatus" declared implicitly
..\USER\usart.c:                while(USART_GetFlagStatus(USART1, USART_FLAG_TXE) == RESET);//判断是否发送完成
..\USER\usart.c:                      ^
..\USER\usart.c(67): error:  #20: identifier "USART_FLAG_TXE" is undefined
..\USER\usart.c:                while(USART_GetFlagStatus(USART1, USART_FLAG_TXE) == RESET);//判断是否发送完成
..\USER\usart.c:                                                  ^
..\USER\usart.c(80): warning:  #223-D: function "USART_SendData" declared implicitly
..\USER\usart.c:                USART_SendData(USARTx, *str);//发送单个字符
..\USER\usart.c:                ^
..\USER\usart.c(82): warning:  #223-D: function "USART_GetFlagStatus" declared implicitly
..\USER\usart.c:                while(USART_GetFlagStatus(USART1, USART_FLAG_TXE) == RESET);//判断是否发送完成
..\USER\usart.c:                      ^
..\USER\usart.c(82): error:  #20: identifier "USART_FLAG_TXE" is undefined
..\USER\usart.c:                while(USART_GetFlagStatus(USART1, USART_FLAG_TXE) == RESET);//判断是否发送完成
..\USER\usart.c:                                                  ^
..\USER\usart.c(109): warning:  #223-D: function "USART_GetITStatus" declared implicitly
..\USER\usart.c:        if(USART_GetITStatus(USART1, USART_IT_RXNE) == SET)//检测串口状态是否处于接收状态
..\USER\usart.c:           ^
..\USER\usart.c(109): error:  #20: identifier "USART_IT_RXNE" is undefined
..\USER\usart.c:        if(USART_GetITStatus(USART1, USART_IT_RXNE) == SET)//检测串口状态是否处于接收状态
..\USER\usart.c:                                     ^
..\USER\usart.c(111): warning:  #223-D: function "USART_ReceiveData" declared implicitly
..\USER\usart.c:                rxdata = USART_ReceiveData(USART1);//将接收到的数据暂存到rxdata
..\USER\usart.c:                         ^
..\USER\usart.c(144): warning:  #223-D: function "USART_ClearITPendingBit" declared implicitly
..\USER\usart.c:                USART_ClearITPendingBit(USART1, USART_IT_RXNE);//清空中断标志，每接收到一次数据进入一次中断
..\USER\usart.c:                ^
..\USER\usart.c(151): warning:  #1-D: last line of file ends without a newline
..\USER\usart.c:    
..\USER\usart.c:    ^
..\USER\usart.c: ..\USER\usart.c: 11 warnings, 12 errors
compiling misc.c...
compiling stm32f10x_flash.c...
compiling stm32f10x_gpio.c...
compiling stm32f10x_rcc.c...
compiling stm32f10x_adc.c...
compiling stm32f10x_bkp.c...
compiling stm32f10x_can.c...
compiling stm32f10x_cec.c...
compiling stm32f10x_crc.c...
compiling stm32f10x_dac.c...
compiling stm32f10x_dbgmcu.c...
compiling stm32f10x_dma.c...
compiling stm32f10x_exti.c...
compiling stm32f10x_fsmc.c...
compiling stm32f10x_i2c.c...
compiling stm32f10x_iwdg.c...
compiling stm32f10x_pwr.c...
compiling stm32f10x_rtc.c...
compiling stm32f10x_sdio.c...
compiling stm32f10x_spi.c...
compiling stm32f10x_tim.c...
compiling stm32f10x_usart.c...
compiling stm32f10x_wwdg.c...
compiling core_cm3.c...
compiling system_stm32f10x.c...
assembling startup_stm32f10x_hd.s...
Target not created
Build target 'LED'
compiling main.c...
..\USER\usart.c(49): error:  #268: declaration may not appear after executable statement in block
..\USER\usart.c:        NVIC_InitTypeDef NVIC_InitStructure;
..\USER\usart.c:        ^
..\USER\usart.c(151): warning:  #1-D: last line of file ends without a newline
..\USER\usart.c:    
..\USER\usart.c:    ^
..\USER\usart.c: ..\USER\main.c: 1 warning, 1 error
compiling stm32f10x_it.c...
compiling usart.c...
..\USER\usart.c(11): error:  #20: identifier "USART_InitTypeDef" is undefined
..\USER\usart.c:         USART_InitTypeDef USART_InitStructure;
..\USER\usart.c:         ^
..\USER\usart.c(36): error:  #20: identifier "USART_WordLength_8b" is undefined
..\USER\usart.c:        USART_InitStructure.USART_WordLength = USART_WordLength_8b;//字长为8位数据格式
..\USER\usart.c:                                               ^
..\USER\usart.c(37): error:  #20: identifier "USART_StopBits_1" is undefined
..\USER\usart.c:        USART_InitStructure.USART_StopBits = USART_StopBits_1;//一个停止位
..\USER\usart.c:                                             ^
..\USER\usart.c(38): error:  #20: identifier "USART_Parity_No" is undefined
..\USER\usart.c:        USART_InitStructure.USART_Parity = USART_Parity_No;//无奇偶校验位
..\USER\usart.c:                                           ^
..\USER\usart.c(39): error:  #20: identifier "USART_HardwareFlowControl_None" is undefined
..\USER\usart.c:        USART_InitStructure.USART_HardwareFlowControl = USART_HardwareFlowControl_None;//无硬件数据流控制
..\USER\usart.c:                                                        ^
..\USER\usart.c(40): error:  #20: identifier "USART_Mode_Rx" is undefined
..\USER\usart.c:        USART_InitStructure.USART_Mode = USART_Mode_Rx | USART_Mode_Tx; //收发模式
..\USER\usart.c:                                         ^
..\USER\usart.c(40): error:  #20: identifier "USART_Mode_Tx" is undefined
..\USER\usart.c:        USART_InitStructure.USART_Mode = USART_Mode_Rx | USART_Mode_Tx; //收发模式
..\USER\usart.c:                                                         ^
..\USER\usart.c(41): warning:  #223-D: function "USART_Init" declared implicitly
..\USER\usart.c:        USART_Init(USART1, &USART_InitStructure); //初始化串口1
..\USER\usart.c:        ^
..\USER\usart.c(43): warning:  #223-D: function "USART_ITConfig" declared implicitly
..\USER\usart.c:        USART_ITConfig(USART1, USART_IT_RXNE, ENABLE);
..\USER\usart.c:        ^
..\USER\usart.c(43): error:  #20: identifier "USART_IT_RXNE" is undefined
..\USER\usart.c:        USART_ITConfig(USART1, USART_IT_RXNE, ENABLE);
..\USER\usart.c:                               ^
..\USER\usart.c(49): error:  #268: declaration may not appear after executable statement in block
..\USER\usart.c:        NVIC_InitTypeDef NVIC_InitStructure;
..\USER\usart.c:        ^
..\USER\usart.c(58): warning:  #223-D: function "USART_Cmd" declared implicitly
..\USER\usart.c:         USART_Cmd(USART1, ENABLE);
..\USER\usart.c:         ^
..\USER\usart.c(65): warning:  #223-D: function "USART_SendData" declared implicitly
..\USER\usart.c:                USART_SendData(USARTx, str);//发送单个字符
..\USER\usart.c:                ^
..\USER\usart.c(67): warning:  #223-D: function "USART_GetFlagStatus" declared implicitly
..\USER\usart.c:                while(USART_GetFlagStatus(USART1, USART_FLAG_TXE) == RESET);//判断是否发送完成
..\USER\usart.c:                      ^
..\USER\usart.c(67): error:  #20: identifier "USART_FLAG_TXE" is undefined
..\USER\usart.c:                while(USART_GetFlagStatus(USART1, USART_FLAG_TXE) == RESET);//判断是否发送完成
..\USER\usart.c:                                                  ^
..\USER\usart.c(80): warning:  #223-D: function "USART_SendData" declared implicitly
..\USER\usart.c:                USART_SendData(USARTx, *str);//发送单个字符
..\USER\usart.c:                ^
..\USER\usart.c(82): warning:  #223-D: function "USART_GetFlagStatus" declared implicitly
..\USER\usart.c:                while(USART_GetFlagStatus(USART1, USART_FLAG_TXE) == RESET);//判断是否发送完成
..\USER\usart.c:                      ^
..\USER\usart.c(82): error:  #20: identifier "USART_FLAG_TXE" is undefined
..\USER\usart.c:                while(USART_GetFlagStatus(USART1, USART_FLAG_TXE) == RESET);//判断是否发送完成
..\USER\usart.c:                                                  ^
..\USER\usart.c(109): warning:  #223-D: function "USART_GetITStatus" declared implicitly
..\USER\usart.c:        if(USART_GetITStatus(USART1, USART_IT_RXNE) == SET)//检测串口状态是否处于接收状态
..\USER\usart.c:           ^
..\USER\usart.c(109): error:  #20: identifier "USART_IT_RXNE" is undefined
..\USER\usart.c:        if(USART_GetITStatus(USART1, USART_IT_RXNE) == SET)//检测串口状态是否处于接收状态
..\USER\usart.c:                                     ^
..\USER\usart.c(111): warning:  #223-D: function "USART_ReceiveData" declared implicitly
..\USER\usart.c:                rxdata = USART_ReceiveData(USART1);//将接收到的数据暂存到rxdata
..\USER\usart.c:                         ^
..\USER\usart.c(144): warning:  #223-D: function "USART_ClearITPendingBit" declared implicitly
..\USER\usart.c:                USART_ClearITPendingBit(USART1, USART_IT_RXNE);//清空中断标志，每接收到一次数据进入一次中断
..\USER\usart.c:                ^
..\USER\usart.c(151): warning:  #1-D: last line of file ends without a newline
..\USER\usart.c:    
..\USER\usart.c:    ^
..\USER\usart.c: ..\USER\usart.c: 11 warnings, 12 errors
compiling misc.c...
compiling stm32f10x_flash.c...
compiling stm32f10x_gpio.c...
compiling stm32f10x_rcc.c...
compiling stm32f10x_adc.c...
compiling stm32f10x_bkp.c...
compiling stm32f10x_can.c...
compiling stm32f10x_cec.c...
compiling stm32f10x_crc.c...
compiling stm32f10x_dac.c...
compiling stm32f10x_dbgmcu.c...
compiling stm32f10x_dma.c...
compiling stm32f10x_exti.c...
compiling stm32f10x_fsmc.c...
compiling stm32f10x_i2c.c...
compiling stm32f10x_iwdg.c...
compiling stm32f10x_pwr.c...
compiling stm32f10x_rtc.c...
compiling stm32f10x_sdio.c...
compiling stm32f10x_spi.c...
compiling stm32f10x_tim.c...
compiling stm32f10x_usart.c...
compiling stm32f10x_wwdg.c...
compiling core_cm3.c...
compiling system_stm32f10x.c...
assembling startup_stm32f10x_hd.s...
Target not created
Build target 'LED'
compiling main.c...
compiling stm32f10x_it.c...
compiling usart.c...
..\USER\usart.c(11): error:  #20: identifier "USART_InitTypeDef" is undefined
..\USER\usart.c:         USART_InitTypeDef USART_InitStructure;
..\USER\usart.c:         ^
..\USER\usart.c(36): error:  #20: identifier "USART_WordLength_8b" is undefined
..\USER\usart.c:        USART_InitStructure.USART_WordLength = USART_WordLength_8b;//字长为8位数据格式
..\USER\usart.c:                                               ^
..\USER\usart.c(37): error:  #20: identifier "USART_StopBits_1" is undefined
..\USER\usart.c:        USART_InitStructure.USART_StopBits = USART_StopBits_1;//一个停止位
..\USER\usart.c:                                             ^
..\USER\usart.c(38): error:  #20: identifier "USART_Parity_No" is undefined
..\USER\usart.c:        USART_InitStructure.USART_Parity = USART_Parity_No;//无奇偶校验位
..\USER\usart.c:                                           ^
..\USER\usart.c(39): error:  #20: identifier "USART_HardwareFlowControl_None" is undefined
..\USER\usart.c:        USART_InitStructure.USART_HardwareFlowControl = USART_HardwareFlowControl_None;//无硬件数据流控制
..\USER\usart.c:                                                        ^
..\USER\usart.c(40): error:  #20: identifier "USART_Mode_Rx" is undefined
..\USER\usart.c:        USART_InitStructure.USART_Mode = USART_Mode_Rx | USART_Mode_Tx; //收发模式
..\USER\usart.c:                                         ^
..\USER\usart.c(40): error:  #20: identifier "USART_Mode_Tx" is undefined
..\USER\usart.c:        USART_InitStructure.USART_Mode = USART_Mode_Rx | USART_Mode_Tx; //收发模式
..\USER\usart.c:                                                         ^
..\USER\usart.c(41): warning:  #223-D: function "USART_Init" declared implicitly
..\USER\usart.c:        USART_Init(USART1, &USART_InitStructure); //初始化串口1
..\USER\usart.c:        ^
..\USER\usart.c(43): warning:  #223-D: function "USART_ITConfig" declared implicitly
..\USER\usart.c:        USART_ITConfig(USART1, USART_IT_RXNE, ENABLE);
..\USER\usart.c:        ^
..\USER\usart.c(43): error:  #20: identifier "USART_IT_RXNE" is undefined
..\USER\usart.c:        USART_ITConfig(USART1, USART_IT_RXNE, ENABLE);
..\USER\usart.c:                               ^
..\USER\usart.c(49): error:  #268: declaration may not appear after executable statement in block
..\USER\usart.c:        NVIC_InitTypeDef NVIC_InitStructure;
..\USER\usart.c:        ^
..\USER\usart.c(58): warning:  #223-D: function "USART_Cmd" declared implicitly
..\USER\usart.c:         USART_Cmd(USART1, ENABLE);
..\USER\usart.c:         ^
..\USER\usart.c(65): warning:  #223-D: function "USART_SendData" declared implicitly
..\USER\usart.c:                USART_SendData(USARTx, str);//发送单个字符
..\USER\usart.c:                ^
..\USER\usart.c(67): warning:  #223-D: function "USART_GetFlagStatus" declared implicitly
..\USER\usart.c:                while(USART_GetFlagStatus(USART1, USART_FLAG_TXE) == RESET);//判断是否发送完成
..\USER\usart.c:                      ^
..\USER\usart.c(67): error:  #20: identifier "USART_FLAG_TXE" is undefined
..\USER\usart.c:                while(USART_GetFlagStatus(USART1, USART_FLAG_TXE) == RESET);//判断是否发送完成
..\USER\usart.c:                                                  ^
..\USER\usart.c(80): warning:  #223-D: function "USART_SendData" declared implicitly
..\USER\usart.c:                USART_SendData(USARTx, *str);//发送单个字符
..\USER\usart.c:                ^
..\USER\usart.c(82): warning:  #223-D: function "USART_GetFlagStatus" declared implicitly
..\USER\usart.c:                while(USART_GetFlagStatus(USART1, USART_FLAG_TXE) == RESET);//判断是否发送完成
..\USER\usart.c:                      ^
..\USER\usart.c(82): error:  #20: identifier "USART_FLAG_TXE" is undefined
..\USER\usart.c:                while(USART_GetFlagStatus(USART1, USART_FLAG_TXE) == RESET);//判断是否发送完成
..\USER\usart.c:                                                  ^
..\USER\usart.c(109): warning:  #223-D: function "USART_GetITStatus" declared implicitly
..\USER\usart.c:        if(USART_GetITStatus(USART1, USART_IT_RXNE) == SET)//检测串口状态是否处于接收状态
..\USER\usart.c:           ^
..\USER\usart.c(109): error:  #20: identifier "USART_IT_RXNE" is undefined
..\USER\usart.c:        if(USART_GetITStatus(USART1, USART_IT_RXNE) == SET)//检测串口状态是否处于接收状态
..\USER\usart.c:                                     ^
..\USER\usart.c(111): warning:  #223-D: function "USART_ReceiveData" declared implicitly
..\USER\usart.c:                rxdata = USART_ReceiveData(USART1);//将接收到的数据暂存到rxdata
..\USER\usart.c:                         ^
..\USER\usart.c(144): warning:  #223-D: function "USART_ClearITPendingBit" declared implicitly
..\USER\usart.c:                USART_ClearITPendingBit(USART1, USART_IT_RXNE);//清空中断标志，每接收到一次数据进入一次中断
..\USER\usart.c:                ^
..\USER\usart.c(151): warning:  #1-D: last line of file ends without a newline
..\USER\usart.c:    
..\USER\usart.c:    ^
..\USER\usart.c: ..\USER\usart.c: 11 warnings, 12 errors
compiling misc.c...
compiling stm32f10x_flash.c...
compiling stm32f10x_gpio.c...
compiling stm32f10x_rcc.c...
compiling stm32f10x_adc.c...
compiling stm32f10x_bkp.c...
compiling stm32f10x_can.c...
compiling stm32f10x_cec.c...
compiling stm32f10x_crc.c...
compiling stm32f10x_dac.c...
compiling stm32f10x_dbgmcu.c...
compiling stm32f10x_dma.c...
compiling stm32f10x_exti.c...
compiling stm32f10x_fsmc.c...
compiling stm32f10x_i2c.c...
compiling stm32f10x_iwdg.c...
compiling stm32f10x_pwr.c...
compiling stm32f10x_rtc.c...
compiling stm32f10x_sdio.c...
compiling stm32f10x_spi.c...
compiling stm32f10x_tim.c...
compiling stm32f10x_usart.c...
compiling stm32f10x_wwdg.c...
compiling core_cm3.c...
compiling system_stm32f10x.c...
assembling startup_stm32f10x_hd.s...
Target not created
Build target 'LED'
compiling main.c...
compiling stm32f10x_it.c...
compiling misc.c...
compiling stm32f10x_flash.c...
compiling stm32f10x_gpio.c...
compiling stm32f10x_rcc.c...
compiling stm32f10x_adc.c...
compiling stm32f10x_bkp.c...
compiling stm32f10x_can.c...
compiling stm32f10x_cec.c...
compiling stm32f10x_crc.c...
compiling stm32f10x_dac.c...
compiling stm32f10x_dbgmcu.c...
compiling stm32f10x_dma.c...
compiling stm32f10x_exti.c...
compiling stm32f10x_fsmc.c...
compiling stm32f10x_i2c.c...
compiling stm32f10x_iwdg.c...
compiling stm32f10x_pwr.c...
compiling stm32f10x_rtc.c...
compiling stm32f10x_sdio.c...
compiling stm32f10x_spi.c...
compiling stm32f10x_tim.c...
compiling stm32f10x_usart.c...
compiling stm32f10x_wwdg.c...
compiling core_cm3.c...
compiling system_stm32f10x.c...
assembling startup_stm32f10x_hd.s...
linking...
Program Size: Code=880 RO-data=320 RW-data=0 ZI-data=1024  
FromELF: creating hex file...
".\Obj\Project.axf" - 0 Error(s), 0 Warning(s).
Build target 'LED'
compiling main.c...
compiling stm32f10x_it.c...
compiling misc.c...
compiling stm32f10x_flash.c...
compiling stm32f10x_gpio.c...
compiling stm32f10x_rcc.c...
compiling stm32f10x_adc.c...
compiling stm32f10x_bkp.c...
compiling stm32f10x_can.c...
compiling stm32f10x_cec.c...
compiling stm32f10x_crc.c...
compiling stm32f10x_dac.c...
compiling stm32f10x_dbgmcu.c...
compiling stm32f10x_dma.c...
compiling stm32f10x_exti.c...
compiling stm32f10x_fsmc.c...
compiling stm32f10x_i2c.c...
compiling stm32f10x_iwdg.c...
compiling stm32f10x_pwr.c...
compiling stm32f10x_rtc.c...
compiling stm32f10x_sdio.c...
compiling stm32f10x_spi.c...
compiling stm32f10x_tim.c...
compiling stm32f10x_usart.c...
compiling stm32f10x_wwdg.c...
compiling core_cm3.c...
compiling system_stm32f10x.c...
assembling startup_stm32f10x_hd.s...
linking...
Program Size: Code=880 RO-data=320 RW-data=0 ZI-data=1024  
FromELF: creating hex file...
".\Obj\Project.axf" - 0 Error(s), 0 Warning(s).
Build target 'LED'
compiling main.c...
..\USER\main.c(123): error:  #268: declaration may not appear after executable statement in block
..\USER\main.c:         NVIC_InitTypeDef NVIC_InitStructure;
..\USER\main.c:         ^
..\USER\main.c: ..\USER\main.c: 0 warnings, 1 error
Target not created
Build target 'LED'
compiling main.c...
..\USER\main.c(124): error:  #268: declaration may not appear after executable statement in block
..\USER\main.c:         NVIC_InitTypeDef NVIC_InitStructure;
..\USER\main.c:         ^
..\USER\main.c: ..\USER\main.c: 0 warnings, 1 error
compiling stm32f10x_it.c...
compiling misc.c...
compiling stm32f10x_flash.c...
compiling stm32f10x_gpio.c...
compiling stm32f10x_rcc.c...
compiling stm32f10x_adc.c...
compiling stm32f10x_bkp.c...
compiling stm32f10x_can.c...
compiling stm32f10x_cec.c...
compiling stm32f10x_crc.c...
compiling stm32f10x_dac.c...
compiling stm32f10x_dbgmcu.c...
compiling stm32f10x_dma.c...
compiling stm32f10x_exti.c...
compiling stm32f10x_fsmc.c...
compiling stm32f10x_i2c.c...
compiling stm32f10x_iwdg.c...
compiling stm32f10x_pwr.c...
compiling stm32f10x_rtc.c...
compiling stm32f10x_sdio.c...
compiling stm32f10x_spi.c...
compiling stm32f10x_tim.c...
compiling stm32f10x_usart.c...
compiling stm32f10x_wwdg.c...
compiling core_cm3.c...
compiling system_stm32f10x.c...
assembling startup_stm32f10x_hd.s...
Target not created
Build target 'LED'
compiling main.c...
compiling stm32f10x_it.c...
compiling misc.c...
compiling stm32f10x_flash.c...
compiling stm32f10x_gpio.c...
compiling stm32f10x_rcc.c...
compiling stm32f10x_adc.c...
compiling stm32f10x_bkp.c...
compiling stm32f10x_can.c...
compiling stm32f10x_cec.c...
compiling stm32f10x_crc.c...
compiling stm32f10x_dac.c...
compiling stm32f10x_dbgmcu.c...
compiling stm32f10x_dma.c...
compiling stm32f10x_exti.c...
compiling stm32f10x_fsmc.c...
compiling stm32f10x_i2c.c...
compiling stm32f10x_iwdg.c...
compiling stm32f10x_pwr.c...
compiling stm32f10x_rtc.c...
compiling stm32f10x_sdio.c...
compiling stm32f10x_spi.c...
compiling stm32f10x_tim.c...
compiling stm32f10x_usart.c...
compiling stm32f10x_wwdg.c...
compiling core_cm3.c...
compiling system_stm32f10x.c...
assembling startup_stm32f10x_hd.s...
linking...
Program Size: Code=880 RO-data=320 RW-data=0 ZI-data=1024  
FromELF: creating hex file...
".\Obj\Project.axf" - 0 Error(s), 0 Warning(s).
Build target 'LED'
compiling main.c...
compiling stm32f10x_it.c...
compiling misc.c...
compiling stm32f10x_flash.c...
compiling stm32f10x_gpio.c...
compiling stm32f10x_rcc.c...
compiling stm32f10x_adc.c...
compiling stm32f10x_bkp.c...
compiling stm32f10x_can.c...
compiling stm32f10x_cec.c...
compiling stm32f10x_crc.c...
compiling stm32f10x_dac.c...
compiling stm32f10x_dbgmcu.c...
compiling stm32f10x_dma.c...
compiling stm32f10x_exti.c...
compiling stm32f10x_fsmc.c...
compiling stm32f10x_i2c.c...
compiling stm32f10x_iwdg.c...
compiling stm32f10x_pwr.c...
compiling stm32f10x_rtc.c...
compiling stm32f10x_sdio.c...
compiling stm32f10x_spi.c...
compiling stm32f10x_tim.c...
compiling stm32f10x_usart.c...
compiling stm32f10x_wwdg.c...
compiling core_cm3.c...
compiling system_stm32f10x.c...
assembling startup_stm32f10x_hd.s...
linking...
Program Size: Code=880 RO-data=320 RW-data=0 ZI-data=1024  
FromELF: creating hex file...
".\Obj\Project.axf" - 0 Error(s), 0 Warning(s).
Build target 'LED'
compiling main.c...
compiling stm32f10x_it.c...
compiling misc.c...
compiling stm32f10x_flash.c...
compiling stm32f10x_gpio.c...
compiling stm32f10x_rcc.c...
compiling stm32f10x_adc.c...
compiling stm32f10x_bkp.c...
compiling stm32f10x_can.c...
compiling stm32f10x_cec.c...
compiling stm32f10x_crc.c...
compiling stm32f10x_dac.c...
compiling stm32f10x_dbgmcu.c...
compiling stm32f10x_dma.c...
compiling stm32f10x_exti.c...
compiling stm32f10x_fsmc.c...
compiling stm32f10x_i2c.c...
compiling stm32f10x_iwdg.c...
compiling stm32f10x_pwr.c...
compiling stm32f10x_rtc.c...
compiling stm32f10x_sdio.c...
compiling stm32f10x_spi.c...
compiling stm32f10x_tim.c...
compiling stm32f10x_usart.c...
compiling stm32f10x_wwdg.c...
compiling core_cm3.c...
compiling system_stm32f10x.c...
assembling startup_stm32f10x_hd.s...
linking...
Program Size: Code=880 RO-data=320 RW-data=0 ZI-data=1024  
FromELF: creating hex file...
".\Obj\Project.axf" - 0 Error(s), 0 Warning(s).
Build target 'LED'
compiling main.c...
compiling stm32f10x_it.c...
compiling misc.c...
compiling stm32f10x_flash.c...
compiling stm32f10x_gpio.c...
compiling stm32f10x_rcc.c...
compiling stm32f10x_adc.c...
compiling stm32f10x_bkp.c...
compiling stm32f10x_can.c...
compiling stm32f10x_cec.c...
compiling stm32f10x_crc.c...
compiling stm32f10x_dac.c...
compiling stm32f10x_dbgmcu.c...
compiling stm32f10x_dma.c...
compiling stm32f10x_exti.c...
compiling stm32f10x_fsmc.c...
compiling stm32f10x_i2c.c...
compiling stm32f10x_iwdg.c...
compiling stm32f10x_pwr.c...
compiling stm32f10x_rtc.c...
compiling stm32f10x_sdio.c...
compiling stm32f10x_spi.c...
compiling stm32f10x_tim.c...
compiling stm32f10x_usart.c...
compiling stm32f10x_wwdg.c...
compiling core_cm3.c...
compiling system_stm32f10x.c...
assembling startup_stm32f10x_hd.s...
linking...
Program Size: Code=880 RO-data=320 RW-data=0 ZI-data=1024  
FromELF: creating hex file...
".\Obj\Project.axf" - 0 Error(s), 0 Warning(s).
Build target 'LED'
compiling main.c...
compiling stm32f10x_it.c...
compiling misc.c...
compiling stm32f10x_flash.c...
compiling stm32f10x_gpio.c...
compiling stm32f10x_rcc.c...
compiling stm32f10x_adc.c...
compiling stm32f10x_bkp.c...
compiling stm32f10x_can.c...
compiling stm32f10x_cec.c...
compiling stm32f10x_crc.c...
compiling stm32f10x_dac.c...
compiling stm32f10x_dbgmcu.c...
compiling stm32f10x_dma.c...
compiling stm32f10x_exti.c...
compiling stm32f10x_fsmc.c...
compiling stm32f10x_i2c.c...
compiling stm32f10x_iwdg.c...
compiling stm32f10x_pwr.c...
compiling stm32f10x_rtc.c...
compiling stm32f10x_sdio.c...
compiling stm32f10x_spi.c...
compiling stm32f10x_tim.c...
compiling stm32f10x_usart.c...
compiling stm32f10x_wwdg.c...
compiling core_cm3.c...
compiling system_stm32f10x.c...
assembling startup_stm32f10x_hd.s...
linking...
Program Size: Code=1196 RO-data=336 RW-data=20 ZI-data=1060  
FromELF: creating hex file...
".\Obj\Project.axf" - 0 Error(s), 0 Warning(s).
Build target 'LED'
compiling main.c...
compiling stm32f10x_it.c...
compiling misc.c...
compiling stm32f10x_flash.c...
compiling stm32f10x_gpio.c...
compiling stm32f10x_rcc.c...
compiling stm32f10x_adc.c...
compiling stm32f10x_bkp.c...
compiling stm32f10x_can.c...
compiling stm32f10x_cec.c...
compiling stm32f10x_crc.c...
compiling stm32f10x_dac.c...
compiling stm32f10x_dbgmcu.c...
compiling stm32f10x_dma.c...
compiling stm32f10x_exti.c...
compiling stm32f10x_fsmc.c...
compiling stm32f10x_i2c.c...
compiling stm32f10x_iwdg.c...
compiling stm32f10x_pwr.c...
compiling stm32f10x_rtc.c...
compiling stm32f10x_sdio.c...
compiling stm32f10x_spi.c...
compiling stm32f10x_tim.c...
compiling stm32f10x_usart.c...
compiling stm32f10x_wwdg.c...
compiling core_cm3.c...
compiling system_stm32f10x.c...
assembling startup_stm32f10x_hd.s...
linking...
Program Size: Code=2056 RO-data=336 RW-data=40 ZI-data=1056  
FromELF: creating hex file...
".\Obj\Project.axf" - 0 Error(s), 0 Warning(s).
Load "C:\\Users\\admin\\Desktop\\kell\\myled\\MDK-ARM\\Obj\\Project.AXF" 
